app/build/intermediates/manifest_merge_blame_file/release/processReleaseMainManifest/manifest-merger-blame-release-report.txt
1<?xml version="1.0" encoding="utf-8"?>
2<manifest xmlns:android="http://schemas.android.com/apk/res/android"
3    package="com.mustafagoksal.diary"
4    android:versionCode="1"
5    android:versionName="1.0" >
6
7    <uses-sdk
8        android:minSdkVersion="24"
9        android:targetSdkVersion="36" />
10
11    <uses-permission android:name="android.permission.RECORD_AUDIO" />
11-->src\main\AndroidManifest.xml:4:5-71
11-->src\main\AndroidManifest.xml:4:22-68
12    <uses-permission
12-->src\main\AndroidManifest.xml:5:5-103
13        android:name="android.permission.READ_MEDIA_IMAGES"
13-->src\main\AndroidManifest.xml:5:22-73
14        android:minSdkVersion="33" />
14-->src\main\AndroidManifest.xml:5:74-100
15    <uses-permission
15-->src\main\AndroidManifest.xml:6:5-107
16        android:name="android.permission.READ_EXTERNAL_STORAGE"
16-->src\main\AndroidManifest.xml:6:22-77
17        android:maxSdkVersion="32" />
17-->src\main\AndroidManifest.xml:6:78-104
18    <uses-permission android:name="android.permission.ACCESS_COARSE_LOCATION" />
18-->src\main\AndroidManifest.xml:7:5-81
18-->src\main\AndroidManifest.xml:7:22-78
19    <uses-permission android:name="android.permission.ACCESS_FINE_LOCATION" />
19-->src\main\AndroidManifest.xml:8:5-79
19-->src\main\AndroidManifest.xml:8:22-76
20    <uses-permission android:name="android.permission.ACTIVITY_RECOGNITION" />
20-->src\main\AndroidManifest.xml:9:5-79
20-->src\main\AndroidManifest.xml:9:22-76
21    <uses-permission android:name="android.permission.INTERNET" />
21-->src\main\AndroidManifest.xml:10:5-67
21-->src\main\AndroidManifest.xml:10:22-64
22
23    <permission
23-->[androidx.core:core:1.18.0] AndroidManifest.xml:22:5-24:47
24        android:name="com.mustafagoksal.diary.DYNAMIC_RECEIVER_NOT_EXPORTED_PERMISSION"
24-->[androidx.core:core:1.18.0] AndroidManifest.xml:23:9-81
25        android:protectionLevel="signature" />
25-->[androidx.core:core:1.18.0] AndroidManifest.xml:24:9-44
26
27    <uses-permission android:name="com.mustafagoksal.diary.DYNAMIC_RECEIVER_NOT_EXPORTED_PERMISSION" />
27-->[androidx.core:core:1.18.0] AndroidManifest.xml:26:5-97
27-->[androidx.core:core:1.18.0] AndroidManifest.xml:26:22-94
28
29    <application
29-->src\main\AndroidManifest.xml:11:5-83:19
30        android:allowBackup="true"
30-->src\main\AndroidManifest.xml:12:9-35
31        android:appComponentFactory="androidx.core.app.CoreComponentFactory"
31-->[androidx.core:core:1.18.0] AndroidManifest.xml:28:18-86
32        android:extractNativeLibs="false"
33        android:icon="@drawable/ic_launcher"
33-->src\main\AndroidManifest.xml:13:9-45
34        android:label="@string/app_name"
34-->src\main\AndroidManifest.xml:14:9-41
35        android:roundIcon="@drawable/ic_launcher"
35-->src\main\AndroidManifest.xml:15:9-50
36        android:supportsRtl="true"
36-->src\main\AndroidManifest.xml:16:9-35
37        android:theme="@style/Theme.Gunluk" >
37-->src\main\AndroidManifest.xml:17:9-44
38        <activity
38-->src\main\AndroidManifest.xml:20:9-28:20
39            android:name="com.mustafagoksal.diary.LoginActivity"
39-->src\main\AndroidManifest.xml:21:13-42
40            android:exported="true"
40-->src\main\AndroidManifest.xml:22:13-36
41            android:windowSoftInputMode="adjustResize" >
41-->src\main\AndroidManifest.xml:23:13-55
42            <intent-filter>
42-->src\main\AndroidManifest.xml:24:13-27:29
43                <action android:name="android.intent.action.MAIN" />
43-->src\main\AndroidManifest.xml:25:17-69
43-->src\main\AndroidManifest.xml:25:25-66
44
45                <category android:name="android.intent.category.LAUNCHER" />
45-->src\main\AndroidManifest.xml:26:17-77
45-->src\main\AndroidManifest.xml:26:27-74
46            </intent-filter>
47        </activity>
48        <activity
48-->src\main\AndroidManifest.xml:31:9-35:59
49            android:name="com.mustafagoksal.diary.RegisterActivity"
49-->src\main\AndroidManifest.xml:32:13-45
50            android:exported="false"
50-->src\main\AndroidManifest.xml:33:13-37
51            android:parentActivityName="com.mustafagoksal.diary.LoginActivity"
51-->src\main\AndroidManifest.xml:35:13-56
52            android:windowSoftInputMode="adjustResize" />
52-->src\main\AndroidManifest.xml:34:13-55
53        <activity
53-->src\main\AndroidManifest.xml:38:9-40:40
54            android:name="com.mustafagoksal.diary.MainActivity"
54-->src\main\AndroidManifest.xml:39:13-41
55            android:exported="false" />
55-->src\main\AndroidManifest.xml:40:13-37
56        <activity
56-->src\main\AndroidManifest.xml:43:9-47:63
57            android:name="com.mustafagoksal.diary.NewEntryActivity"
57-->src\main\AndroidManifest.xml:44:13-45
58            android:exported="false"
58-->src\main\AndroidManifest.xml:45:13-37
59            android:parentActivityName="com.mustafagoksal.diary.EntryListActivity"
59-->src\main\AndroidManifest.xml:47:13-60
60            android:windowSoftInputMode="adjustResize" />
60-->src\main\AndroidManifest.xml:46:13-55
61        <activity
61-->src\main\AndroidManifest.xml:49:9-52:58
62            android:name="com.mustafagoksal.diary.EntryListActivity"
62-->src\main\AndroidManifest.xml:50:13-46
63            android:exported="false"
63-->src\main\AndroidManifest.xml:51:13-37
64            android:parentActivityName="com.mustafagoksal.diary.MainActivity" />
64-->src\main\AndroidManifest.xml:52:13-55
65        <activity
65-->src\main\AndroidManifest.xml:55:9-58:63
66            android:name="com.mustafagoksal.diary.EntryDetailActivity"
66-->src\main\AndroidManifest.xml:56:13-48
67            android:exported="false"
67-->src\main\AndroidManifest.xml:57:13-37
68            android:parentActivityName="com.mustafagoksal.diary.EntryListActivity" />
68-->src\main\AndroidManifest.xml:58:13-60
69        <activity
69-->src\main\AndroidManifest.xml:61:9-64:58
70            android:name="com.mustafagoksal.diary.ProfileActivity"
70-->src\main\AndroidManifest.xml:62:13-44
71            android:exported="false"
71-->src\main\AndroidManifest.xml:63:13-37
72            android:parentActivityName="com.mustafagoksal.diary.MainActivity" />
72-->src\main\AndroidManifest.xml:64:13-55
73        <activity
73-->src\main\AndroidManifest.xml:67:9-70:58
74            android:name="com.mustafagoksal.diary.AboutActivity"
74-->src\main\AndroidManifest.xml:68:13-42
75            android:exported="false"
75-->src\main\AndroidManifest.xml:69:13-37
76            android:parentActivityName="com.mustafagoksal.diary.MainActivity" />
76-->src\main\AndroidManifest.xml:70:13-55
77        <activity
77-->src\main\AndroidManifest.xml:72:9-76:63
78            android:name="com.mustafagoksal.diary.HandwritingActivity"
78-->src\main\AndroidManifest.xml:73:13-48
79            android:exported="false"
79-->src\main\AndroidManifest.xml:74:13-37
80            android:theme="@style/Theme.Gunluk"
80-->src\main\AndroidManifest.xml:75:13-48
81            android:windowSoftInputMode="stateAlwaysHidden" />
81-->src\main\AndroidManifest.xml:76:13-60
82        <activity
82-->src\main\AndroidManifest.xml:78:9-81:61
83            android:name="com.mustafagoksal.diary.ProfileSettingsActivity"
83-->src\main\AndroidManifest.xml:79:13-52
84            android:exported="false"
84-->src\main\AndroidManifest.xml:80:13-37
85            android:parentActivityName="com.mustafagoksal.diary.ProfileActivity" />
85-->src\main\AndroidManifest.xml:81:13-58
86        <activity
86-->[com.google.android.gms:play-services-base:18.5.0] AndroidManifest.xml:5:9-173
87            android:name="com.google.android.gms.common.api.GoogleApiActivity"
87-->[com.google.android.gms:play-services-base:18.5.0] AndroidManifest.xml:5:19-85
88            android:exported="false"
88-->[com.google.android.gms:play-services-base:18.5.0] AndroidManifest.xml:5:146-170
89            android:theme="@android:style/Theme.Translucent.NoTitleBar" />
89-->[com.google.android.gms:play-services-base:18.5.0] AndroidManifest.xml:5:86-145
90
91        <meta-data
91-->[com.google.android.gms:play-services-basement:18.4.0] AndroidManifest.xml:6:9-122
92            android:name="com.google.android.gms.version"
92-->[com.google.android.gms:play-services-basement:18.4.0] AndroidManifest.xml:6:20-65
93            android:value="@integer/google_play_services_version" />
93-->[com.google.android.gms:play-services-basement:18.4.0] AndroidManifest.xml:6:66-119
94
95        <service
95-->[androidx.room:room-runtime-android:2.8.4] AndroidManifest.xml:24:9-28:63
96            android:name="androidx.room.MultiInstanceInvalidationService"
96-->[androidx.room:room-runtime-android:2.8.4] AndroidManifest.xml:25:13-74
97            android:directBootAware="true"
97-->[androidx.room:room-runtime-android:2.8.4] AndroidManifest.xml:26:13-43
98            android:exported="false" />
98-->[androidx.room:room-runtime-android:2.8.4] AndroidManifest.xml:27:13-37
99
100        <provider
100-->[androidx.emoji2:emoji2:1.3.0] AndroidManifest.xml:24:9-32:20
101            android:name="androidx.startup.InitializationProvider"
101-->[androidx.emoji2:emoji2:1.3.0] AndroidManifest.xml:25:13-67
102            android:authorities="com.mustafagoksal.diary.androidx-startup"
102-->[androidx.emoji2:emoji2:1.3.0] AndroidManifest.xml:26:13-68
103            android:exported="false" >
103-->[androidx.emoji2:emoji2:1.3.0] AndroidManifest.xml:27:13-37
104            <meta-data
104-->[androidx.emoji2:emoji2:1.3.0] AndroidManifest.xml:29:13-31:52
105                android:name="androidx.emoji2.text.EmojiCompatInitializer"
105-->[androidx.emoji2:emoji2:1.3.0] AndroidManifest.xml:30:17-75
106                android:value="androidx.startup" />
106-->[androidx.emoji2:emoji2:1.3.0] AndroidManifest.xml:31:17-49
107            <meta-data
107-->[androidx.lifecycle:lifecycle-process:2.6.2] AndroidManifest.xml:29:13-31:52
108                android:name="androidx.lifecycle.ProcessLifecycleInitializer"
108-->[androidx.lifecycle:lifecycle-process:2.6.2] AndroidManifest.xml:30:17-78
109                android:value="androidx.startup" />
109-->[androidx.lifecycle:lifecycle-process:2.6.2] AndroidManifest.xml:31:17-49
110            <meta-data
110-->[androidx.profileinstaller:profileinstaller:1.4.0] AndroidManifest.xml:29:13-31:52
111                android:name="androidx.profileinstaller.ProfileInstallerInitializer"
111-->[androidx.profileinstaller:profileinstaller:1.4.0] AndroidManifest.xml:30:17-85
112                android:value="androidx.startup" />
112-->[androidx.profileinstaller:profileinstaller:1.4.0] AndroidManifest.xml:31:17-49
113        </provider>
114
115        <receiver
115-->[androidx.profileinstaller:profileinstaller:1.4.0] AndroidManifest.xml:34:9-52:20
116            android:name="androidx.profileinstaller.ProfileInstallReceiver"
116-->[androidx.profileinstaller:profileinstaller:1.4.0] AndroidManifest.xml:35:13-76
117            android:directBootAware="false"
117-->[androidx.profileinstaller:profileinstaller:1.4.0] AndroidManifest.xml:36:13-44
118            android:enabled="true"
118-->[androidx.profileinstaller:profileinstaller:1.4.0] AndroidManifest.xml:37:13-35
119            android:exported="true"
119-->[androidx.profileinstaller:profileinstaller:1.4.0] AndroidManifest.xml:38:13-36
120            android:permission="android.permission.DUMP" >
120-->[androidx.profileinstaller:profileinstaller:1.4.0] AndroidManifest.xml:39:13-57
121            <intent-filter>
121-->[androidx.profileinstaller:profileinstaller:1.4.0] AndroidManifest.xml:40:13-42:29
122                <action android:name="androidx.profileinstaller.action.INSTALL_PROFILE" />
122-->[androidx.profileinstaller:profileinstaller:1.4.0] AndroidManifest.xml:41:17-91
122-->[androidx.profileinstaller:profileinstaller:1.4.0] AndroidManifest.xml:41:25-88
123            </intent-filter>
124            <intent-filter>
124-->[androidx.profileinstaller:profileinstaller:1.4.0] AndroidManifest.xml:43:13-45:29
125                <action android:name="androidx.profileinstaller.action.SKIP_FILE" />
125-->[androidx.profileinstaller:profileinstaller:1.4.0] AndroidManifest.xml:44:17-85
125-->[androidx.profileinstaller:profileinstaller:1.4.0] AndroidManifest.xml:44:25-82
126            </intent-filter>
127            <intent-filter>
127-->[androidx.profileinstaller:profileinstaller:1.4.0] AndroidManifest.xml:46:13-48:29
128                <action android:name="androidx.profileinstaller.action.SAVE_PROFILE" />
128-->[androidx.profileinstaller:profileinstaller:1.4.0] AndroidManifest.xml:47:17-88
128-->[androidx.profileinstaller:profileinstaller:1.4.0] AndroidManifest.xml:47:25-85
129            </intent-filter>
130            <intent-filter>
130-->[androidx.profileinstaller:profileinstaller:1.4.0] AndroidManifest.xml:49:13-51:29
131                <action android:name="androidx.profileinstaller.action.BENCHMARK_OPERATION" />
131-->[androidx.profileinstaller:profileinstaller:1.4.0] AndroidManifest.xml:50:17-95
131-->[androidx.profileinstaller:profileinstaller:1.4.0] AndroidManifest.xml:50:25-92
132            </intent-filter>
133        </receiver>
134    </application>
135
136</manifest>